{
  "className": "it.cnr.iit.usagecontrolframework.rest.test.ContextHandlerScenarioTest",
  "name": "Context Handler Scenario",
  "scenarios": [
    {
      "className": "it.cnr.iit.usagecontrolframework.rest.test.ContextHandlerScenarioTest",
      "testMethodName": "a_tryAccess_request_is_replied_with_PERMIT",
      "description": "a tryAccess request is replied with PERMIT",
      "tagIds": [],
      "explicitParameters": [],
      "derivedParameters": [],
      "casesAsTable": false,
      "scenarioCases": [
        {
          "caseNr": 1,
          "steps": [],
          "explicitArguments": [],
          "derivedArguments": [],
          "status": "FAILED",
          "success": false,
          "errorMessage": "java.util.NoSuchElementException: No value present",
          "stackTrace": [
            "java.util.Optional.get(Optional.java:135)",
            "it.cnr.iit.usagecontrolframework.rest.test.jgiven.stages.GivenMessage.getUCSConfiguration(GivenMessage.java:75)",
            "it.cnr.iit.usagecontrolframework.rest.test.jgiven.stages.GivenMessage$ByteBuddy$Ed702liG.getUCSConfiguration$accessor$IBOO4sG3(Unknown Source)",
            "it.cnr.iit.usagecontrolframework.rest.test.jgiven.stages.GivenMessage$ByteBuddy$Ed702liG$auxiliary$T2gkBgfl.call(Unknown Source)",
            "it.cnr.iit.usagecontrolframework.rest.test.jgiven.stages.GivenMessage$ByteBuddy$Ed702liG.getUCSConfiguration(Unknown Source)",
            "it.cnr.iit.usagecontrolframework.rest.test.jgiven.stages.GivenMessage.init(GivenMessage.java:45)",
            "it.cnr.iit.usagecontrolframework.rest.test.jgiven.stages.GivenMessage$ByteBuddy$Ed702liG.init$accessor$IBOO4sG3(Unknown Source)",
            "it.cnr.iit.usagecontrolframework.rest.test.jgiven.stages.GivenMessage$ByteBuddy$Ed702liG$auxiliary$NvqwZeKF.call(Unknown Source)",
            "it.cnr.iit.usagecontrolframework.rest.test.jgiven.stages.GivenMessage$ByteBuddy$Ed702liG.init(Unknown Source)",
            "com.tngtech.jgiven.impl.util.ReflectionUtil.invokeMethod(ReflectionUtil.java:175)",
            "com.tngtech.jgiven.impl.ScenarioExecutor$1.act(ScenarioExecutor.java:296)",
            "com.tngtech.jgiven.impl.util.ReflectionUtil$2.act(ReflectionUtil.java:54)",
            "com.tngtech.jgiven.impl.util.ReflectionUtil.forEachSuperClass(ReflectionUtil.java:67)",
            "com.tngtech.jgiven.impl.util.ReflectionUtil.forEachSuperClass(ReflectionUtil.java:70)",
            "com.tngtech.jgiven.impl.util.ReflectionUtil.forEachMethod(ReflectionUtil.java:49)",
            "com.tngtech.jgiven.impl.ScenarioExecutor.executeAnnotatedMethods(ScenarioExecutor.java:293)",
            "com.tngtech.jgiven.impl.ScenarioExecutor.executeBeforeScenarioMethods(ScenarioExecutor.java:330)",
            "com.tngtech.jgiven.impl.ScenarioExecutor.ensureBeforeScenarioMethodsAreExecuted(ScenarioExecutor.java:273)",
            "com.tngtech.jgiven.impl.ScenarioExecutor.access$200(ScenarioExecutor.java:48)",
            "com.tngtech.jgiven.impl.ScenarioExecutor$StageTransitionHandlerImpl.enterStage(ScenarioExecutor.java:131)",
            "it.cnr.iit.usagecontrolframework.rest.test.jgiven.stages.GivenMessage$ByteBuddy$Ed702liG.a_TryAccess_request(Unknown Source)",
            "it.cnr.iit.usagecontrolframework.rest.test.ContextHandlerScenarioTest.a_tryAccess_request_is_replied_with_PERMIT(ContextHandlerScenarioTest.java:27)",
            "org.junit.runners.model.FrameworkMethod$1.runReflectiveCall(FrameworkMethod.java:50)",
            "org.junit.internal.runners.model.ReflectiveCallable.run(ReflectiveCallable.java:12)",
            "org.junit.runners.model.FrameworkMethod.invokeExplosively(FrameworkMethod.java:47)",
            "org.junit.internal.runners.statements.InvokeMethod.evaluate(InvokeMethod.java:17)",
            "com.tngtech.jgiven.junit.JGivenMethodRule$1.evaluate(JGivenMethodRule.java:73)",
            "org.springframework.test.context.junit4.statements.RunBeforeTestMethodCallbacks.evaluate(RunBeforeTestMethodCallbacks.java:75)",
            "org.springframework.test.context.junit4.statements.RunAfterTestMethodCallbacks.evaluate(RunAfterTestMethodCallbacks.java:86)",
            "org.springframework.test.context.junit4.statements.RunPrepareTestInstanceCallbacks.evaluate(RunPrepareTestInstanceCallbacks.java:64)",
            "org.springframework.test.context.junit4.statements.SpringRepeat.evaluate(SpringRepeat.java:84)",
            "org.springframework.test.context.junit4.statements.SpringFailOnTimeout.evaluate(SpringFailOnTimeout.java:87)",
            "org.springframework.test.context.junit4.statements.ProfileValueChecker.evaluate(ProfileValueChecker.java:103)",
            "org.junit.runners.ParentRunner.runLeaf(ParentRunner.java:325)",
            "org.junit.runners.BlockJUnit4ClassRunner.runChild(BlockJUnit4ClassRunner.java:78)",
            "org.junit.runners.BlockJUnit4ClassRunner.runChild(BlockJUnit4ClassRunner.java:57)",
            "org.junit.runners.ParentRunner$3.run(ParentRunner.java:290)",
            "org.junit.runners.ParentRunner$1.schedule(ParentRunner.java:71)",
            "org.junit.runners.ParentRunner.runChildren(ParentRunner.java:288)",
            "org.junit.runners.ParentRunner.access$000(ParentRunner.java:58)",
            "org.junit.runners.ParentRunner$2.evaluate(ParentRunner.java:268)",
            "org.junit.rules.TestWatcher$1.evaluate(TestWatcher.java:55)",
            "org.springframework.test.context.junit4.statements.RunBeforeTestClassCallbacks.evaluate(RunBeforeTestClassCallbacks.java:61)",
            "org.springframework.test.context.junit4.statements.RunAfterTestClassCallbacks.evaluate(RunAfterTestClassCallbacks.java:70)",
            "org.springframework.test.context.junit4.statements.ProfileValueChecker.evaluate(ProfileValueChecker.java:103)",
            "org.springframework.test.context.junit4.rules.SpringClassRule$TestContextManagerCacheEvictor.evaluate(SpringClassRule.java:190)",
            "org.junit.rules.RunRules.evaluate(RunRules.java:20)",
            "org.junit.runners.ParentRunner.run(ParentRunner.java:363)",
            "org.eclipse.jdt.internal.junit4.runner.JUnit4TestReference.run(JUnit4TestReference.java:89)",
            "org.eclipse.jdt.internal.junit.runner.TestExecution.run(TestExecution.java:41)",
            "org.eclipse.jdt.internal.junit.runner.RemoteTestRunner.runTests(RemoteTestRunner.java:541)",
            "org.eclipse.jdt.internal.junit.runner.RemoteTestRunner.runTests(RemoteTestRunner.java:763)",
            "org.eclipse.jdt.internal.junit.runner.RemoteTestRunner.run(RemoteTestRunner.java:463)",
            "org.eclipse.jdt.internal.junit.runner.RemoteTestRunner.main(RemoteTestRunner.java:209)"
          ],
          "durationInNanos": 48280624
        }
      ],
      "durationInNanos": 48280624
    }
  ],
  "tagMap": {}
}